<?xml version="1.0" encoding="UTF-8"?>
<!-- Generated by org.testng.reporters.JUnitReportReporter -->
<testsuite hostname="LAPTOP-KUP3RSCD" failures="0" tests="2" name="testcases.LoginTest" time="30.023" errors="0" timestamp="03 Mar 2024 12:29:18 GMT" skipped="0">
  <testcase classname="testcases.LoginTest" name="LoginSuccessTest" time="17.185"/>
  <testcase classname="testcases.LoginTest" name="LoginFailiureTest" time="12.838"/>
</testsuite> <!-- testcases.LoginTest -->
