<?xml version="1.0" encoding="UTF-8"?>
<!-- Generated by org.testng.reporters.JUnitReportReporter -->
<testsuite hostname="LAPTOP-KUP3RSCD" failures="0" tests="1" name="testcases.LoginTest" time="14.179" errors="0" timestamp="02 Jan 2024 19:51:12 GMT" skipped="0">
  <testcase classname="testcases.LoginTest" name="LoginFailiureTest" time="14.179"/>
</testsuite> <!-- testcases.LoginTest -->
