<?xml version="1.0" encoding="UTF-8"?>
<!-- Generated by org.testng.reporters.JUnitReportReporter -->
<testsuite hostname="LAPTOP-KUP3RSCD" failures="0" tests="1" name="restAPI.GetRequestWithParam" time="2.561" errors="0" timestamp="03 Feb 2024 14:43:19 GMT" skipped="0">
  <testcase classname="restAPI.GetRequestWithParam" name="test1" time="2.561"/>
</testsuite> <!-- restAPI.GetRequestWithParam -->
