<?xml version="1.0" encoding="UTF-8"?>
<!-- Generated by org.testng.reporters.JUnitReportReporter -->
<testsuite hostname="LAPTOP-KUP3RSCD" failures="0" tests="1" name="oauth.GetStudent" time="2.371" errors="0" timestamp="10 Feb 2024 16:00:22 GMT" skipped="0">
  <testcase classname="oauth.GetStudent" name="test1" time="2.371"/>
</testsuite> <!-- oauth.GetStudent -->
