<?xml version="1.0" encoding="UTF-8"?>
<!-- Generated by org.testng.reporters.JUnitReportReporter -->
<testsuite hostname="LAPTOP-KUP3RSCD" failures="0" tests="1" name="restAPI.PutRequest" time="1.333" errors="0" timestamp="03 Feb 2024 16:30:44 GMT" skipped="0">
  <testcase classname="restAPI.PutRequest" name="test1" time="1.333"/>
</testsuite> <!-- restAPI.PutRequest -->
