<?xml version="1.0" encoding="UTF-8"?>
<!-- Generated by org.testng.reporters.JUnitReportReporter -->
<testsuite hostname="LAPTOP-KUP3RSCD" failures="0" tests="1" name="github.GetAllRepo" time="1.539" errors="0" timestamp="03 Feb 2024 17:34:20 GMT" skipped="0">
  <testcase classname="github.GetAllRepo" name="test1" time="1.539"/>
</testsuite> <!-- github.GetAllRepo -->
