<?xml version="1.0" encoding="UTF-8"?>
<!-- Generated by org.testng.reporters.JUnitReportReporter -->
<testsuite hostname="LAPTOP-KUP3RSCD" failures="0" tests="1" name="restAPI.DeleteRequest" time="1.136" errors="0" timestamp="03 Feb 2024 16:34:33 GMT" skipped="0">
  <testcase classname="restAPI.DeleteRequest" name="test1" time="1.136"/>
</testsuite> <!-- restAPI.DeleteRequest -->
