<?xml version="1.0" encoding="UTF-8"?>
<!-- Generated by org.testng.reporters.JUnitReportReporter -->
<testsuite hostname="LAPTOP-KUP3RSCD" failures="0" tests="1" name="restAPIXML.XMLTest" time="1.899" errors="0" timestamp="03 Feb 2024 17:15:14 GMT" skipped="0">
  <testcase classname="restAPIXML.XMLTest" name="test1" time="1.899"/>
</testsuite> <!-- restAPIXML.XMLTest -->
