<?xml version="1.0" encoding="UTF-8"?>
<!-- Generated by org.testng.reporters.JUnitReportReporter -->
<testsuite hostname="LAPTOP-KUP3RSCD" failures="0" tests="1" name="github.CreateRepo" time="2.566" errors="0" timestamp="04 Feb 2024 14:34:36 GMT" skipped="0">
  <testcase classname="github.CreateRepo" name="test1" time="2.566"/>
</testsuite> <!-- github.CreateRepo -->
