<?xml version="1.0" encoding="UTF-8"?>
<!-- Generated by org.testng.reporters.JUnitReportReporter -->
<testsuite hostname="LAPTOP-KUP3RSCD" failures="0" tests="1" name="restAPI.PostRequestWithMap" time="1.174" errors="0" timestamp="03 Feb 2024 15:39:47 GMT" skipped="0">
  <testcase classname="restAPI.PostRequestWithMap" name="test1" time="1.174"/>
</testsuite> <!-- restAPI.PostRequestWithMap -->
