<?xml version="1.0" encoding="UTF-8"?>
<!-- Generated by org.testng.reporters.JUnitReportReporter -->
<testsuite hostname="LAPTOP-KUP3RSCD" failures="0" tests="1" name="restAPI.PostRequest" time="2.066" errors="0" timestamp="03 Feb 2024 15:08:35 GMT" skipped="0">
  <testcase classname="restAPI.PostRequest" name="test1" time="2.066"/>
</testsuite> <!-- restAPI.PostRequest -->
