<?xml version="1.0" encoding="UTF-8"?>
<!-- Generated by org.testng.reporters.JUnitReportReporter -->
<testsuite hostname="LAPTOP-KUP3RSCD" failures="0" tests="1" name="restAPI.GetRequest" time="2.006" errors="0" timestamp="03 Feb 2024 14:53:44 GMT" skipped="0">
  <testcase classname="restAPI.GetRequest" name="test1" time="2.006"/>
</testsuite> <!-- restAPI.GetRequest -->
