<?xml version="1.0" encoding="UTF-8"?>
<!-- Generated by org.testng.reporters.JUnitReportReporter -->
<testsuite hostname="LAPTOP-KUP3RSCD" failures="0" tests="1" name="restAPI.PutReqquest" time="1.451" errors="0" timestamp="03 Feb 2024 16:27:30 GMT" skipped="0">
  <testcase classname="restAPI.PutReqquest" name="test1" time="1.451"/>
</testsuite> <!-- restAPI.PutReqquest -->
