<?xml version="1.0" encoding="UTF-8"?>
<!-- Generated by org.testng.reporters.JUnitReportReporter -->
<testsuite hostname="LAPTOP-KUP3RSCD" failures="0" tests="1" name="allTestCase.AllTestCaseBDD" time="3.094" errors="0" timestamp="16 Feb 2024 19:09:51 GMT" skipped="0">
  <testcase classname="allTestCase.AllTestCaseBDD" name="TestDeletedEmployee" time="3.094"/>
</testsuite> <!-- allTestCase.AllTestCaseBDD -->
