<?xml version="1.0" encoding="UTF-8"?>
<!-- Generated by org.testng.reporters.JUnitReportReporter -->
<testsuite hostname="LAPTOP-KUP3RSCD" failures="0" tests="2" name="testng.LoanTest" time="0.008" errors="0" timestamp="29 Dec 2023 15:32:44 GMT" skipped="0">
  <testcase classname="testng.LoanTest" name="TC01_HomeLoanTest" time="0.002"/>
  <testcase classname="testng.LoanTest" name="TC00_PersonalLoanTest" time="0.006"/>
</testsuite> <!-- testng.LoanTest -->
