<?xml version="1.0" encoding="UTF-8"?>
<!-- Generated by org.testng.reporters.JUnitReportReporter -->
<testsuite hostname="LAPTOP-KUP3RSCD" failures="0" tests="1" name="testng.CardTest" time="0.004" errors="0" timestamp="29 Dec 2023 15:17:02 GMT" skipped="0">
  <testcase classname="testng.CardTest" name="TC01_Credit_CardTest" time="0.004"/>
</testsuite> <!-- testng.CardTest -->
