<?xml version="1.0" encoding="UTF-8"?>
<!-- Generated by org.testng.reporters.JUnitReportReporter -->
<testsuite hostname="LAPTOP-KUP3RSCD" failures="0" tests="1" name="crud_operation.PostNewUser" time="1.679" errors="0" timestamp="15 Feb 2024 19:18:16 GMT" skipped="0">
  <testcase classname="crud_operation.PostNewUser" name="test1" time="1.679"/>
</testsuite> <!-- crud_operation.PostNewUser -->
