<?xml version="1.0" encoding="UTF-8"?>
<!-- Generated by org.testng.reporters.JUnitReportReporter -->
<testsuite hostname="LAPTOP-KUP3RSCD" failures="0" tests="1" name="crud_operation.GetListUsers" time="0.915" errors="0" timestamp="15 Feb 2024 19:06:23 GMT" skipped="0">
  <testcase classname="crud_operation.GetListUsers" name="test1" time="0.915"/>
</testsuite> <!-- crud_operation.GetListUsers -->
