<?xml version="1.0" encoding="UTF-8"?>
<!-- Generated by org.testng.reporters.JUnitReportReporter -->
<testsuite hostname="LAPTOP-KUP3RSCD" failures="0" tests="1" name="crud_operation.DeleteUser" time="1.849" errors="0" timestamp="16 Feb 2024 15:57:18 GMT" skipped="0">
  <testcase classname="crud_operation.DeleteUser" name="test1" time="1.849"/>
</testsuite> <!-- crud_operation.DeleteUser -->
