<?xml version="1.0" encoding="UTF-8"?>
<!-- Generated by org.testng.reporters.JUnitReportReporter -->
<testsuite hostname="LAPTOP-KUP3RSCD" failures="0" tests="2" name="TestCases.LoginScenarios" time="6.014" errors="0" timestamp="13 Dec 2023 19:42:31 GMT" skipped="0">
  <testcase classname="TestCases.LoginScenarios" name="LoginSuccessTest" time="4.051"/>
  <testcase classname="TestCases.LoginScenarios" name="LoginFailureTest" time="1.963"/>
</testsuite> <!-- TestCases.LoginScenarios -->
